# JRE version: OpenJDK Runtime Environment (8.0_152-b06) (build 1.8.0_152-release-1136-b06)
# Java VM: OpenJDK 64-Bit Server VM (25.152-b06 mixed mode linux-amd64 compressed oops)
Heap:
 PSYoungGen      total 266240K, used 51710K [0x00000000e0000000, 0x00000000f4800000, 0x0000000100000000)
  eden space 214528K, 0% used [0x00000000e0000000,0x00000000e0000000,0x00000000ed180000)
  from space 51712K, 99% used [0x00000000ed180000,0x00000000f03ff910,0x00000000f0400000)
  to   space 36352K, 0% used [0x00000000f0400000,0x00000000f0400000,0x00000000f2780000)
 ParOldGen       total 180736K, used 180047K [0x00000000a0000000, 0x00000000ab080000, 0x00000000e0000000)
  object space 180736K, 99% used [0x00000000a0000000,0x00000000aafd3ef0,0x00000000ab080000)
 Metaspace       used 79197K, capacity 82156K, committed 82432K, reserved 1120256K
  class space    used 10255K, capacity 10941K, committed 11008K, reserved 1048576K
GC Heap History (10 events):
Event: 178.053 GC heap after
Heap after GC invocations=37 (full 4):
 PSYoungGen      total 182272K, used 13552K [0x00000000e0000000, 0x00000000eec00000, 0x0000000100000000)
  eden space 155648K, 0% used [0x00000000e0000000,0x00000000e0000000,0x00000000e9800000)
  from space 26624K, 50% used [0x00000000e9800000,0x00000000ea53c170,0x00000000eb200000)
  to   space 26624K, 0% used [0x00000000ed200000,0x00000000ed200000,0x00000000eec00000)
 ParOldGen       total 158208K, used 105798K [0x00000000a0000000, 0x00000000a9a80000, 0x00000000e0000000)
  object space 158208K, 66% used [0x00000000a0000000,0x00000000a6751828,0x00000000a9a80000)
 Metaspace       used 78281K, capacity 81358K, committed 81664K, reserved 1120256K
  class space    used 10229K, capacity 10912K, committed 11008K, reserved 1048576K
}
Event: 179.498 GC heap before
{Heap before GC invocations=38 (full 4):
 PSYoungGen      total 182272K, used 169044K [0x00000000e0000000, 0x00000000eec00000, 0x0000000100000000)
  eden space 155648K, 99% used [0x00000000e0000000,0x00000000e97d91b0,0x00000000e9800000)
  from space 26624K, 50% used [0x00000000e9800000,0x00000000ea53c170,0x00000000eb200000)
  to   space 26624K, 0% used [0x00000000ed200000,0x00000000ed200000,0x00000000eec00000)
 ParOldGen       total 158208K, used 105798K [0x00000000a0000000, 0x00000000a9a80000, 0x00000000e0000000)
  object space 158208K, 66% used [0x00000000a0000000,0x00000000a6751828,0x00000000a9a80000)
 Metaspace       used 78476K, capacity 81566K, committed 81664K, reserved 1120256K
  class space    used 10234K, capacity 10912K, committed 11008K, reserved 1048576K
Event: 179.528 GC heap after
Heap after GC invocations=38 (full 4):
 PSYoungGen      total 208896K, used 9424K [0x00000000e0000000, 0x00000000ee700000, 0x0000000100000000)
  eden space 187392K, 0% used [0x00000000e0000000,0x00000000e0000000,0x00000000eb700000)
  from space 21504K, 43% used [0x00000000ed200000,0x00000000edb34068,0x00000000ee700000)
  to   space 24576K, 0% used [0x00000000eb700000,0x00000000eb700000,0x00000000ecf00000)
 ParOldGen       total 158208K, used 116353K [0x00000000a0000000, 0x00000000a9a80000, 0x00000000e0000000)
  object space 158208K, 73% used [0x00000000a0000000,0x00000000a71a0658,0x00000000a9a80000)
 Metaspace       used 78476K, capacity 81566K, committed 81664K, reserved 1120256K
  class space    used 10234K, capacity 10912K, committed 11008K, reserved 1048576K
}
Event: 183.275 GC heap before
{Heap before GC invocations=39 (full 4):
 PSYoungGen      total 208896K, used 196816K [0x00000000e0000000, 0x00000000ee700000, 0x0000000100000000)
  eden space 187392K, 100% used [0x00000000e0000000,0x00000000eb700000,0x00000000eb700000)
  from space 21504K, 43% used [0x00000000ed200000,0x00000000edb34068,0x00000000ee700000)
  to   space 24576K, 0% used [0x00000000eb700000,0x00000000eb700000,0x00000000ecf00000)
 ParOldGen       total 158208K, used 116353K [0x00000000a0000000, 0x00000000a9a80000, 0x00000000e0000000)
  object space 158208K, 73% used [0x00000000a0000000,0x00000000a71a0658,0x00000000a9a80000)
 Metaspace       used 78853K, capacity 81938K, committed 82176K, reserved 1120256K
  class space    used 10266K, capacity 10962K, committed 11008K, reserved 1048576K
Event: 184.061 GC heap after
Heap after GC invocations=39 (full 4):
 PSYoungGen      total 211968K, used 24547K [0x00000000e0000000, 0x00000000f2780000, 0x0000000100000000)
  eden space 187392K, 0% used [0x00000000e0000000,0x00000000e0000000,0x00000000eb700000)
  from space 24576K, 99% used [0x00000000eb700000,0x00000000ecef8d70,0x00000000ecf00000)
  to   space 36352K, 0% used [0x00000000f0400000,0x00000000f0400000,0x00000000f2780000)
 ParOldGen       total 158208K, used 136953K [0x00000000a0000000, 0x00000000a9a80000, 0x00000000e0000000)
  object space 158208K, 86% used [0x00000000a0000000,0x00000000a85be400,0x00000000a9a80000)
 Metaspace       used 78853K, capacity 81938K, committed 82176K, reserved 1120256K
  class space    used 10266K, capacity 10962K, committed 11008K, reserved 1048576K
}
Event: 184.188 GC heap before
{Heap before GC invocations=40 (full 5):
 PSYoungGen      total 211968K, used 24547K [0x00000000e0000000, 0x00000000f2780000, 0x0000000100000000)
  eden space 187392K, 0% used [0x00000000e0000000,0x00000000e0000000,0x00000000eb700000)
  from space 24576K, 99% used [0x00000000eb700000,0x00000000ecef8d70,0x00000000ecf00000)
  to   space 36352K, 0% used [0x00000000f0400000,0x00000000f0400000,0x00000000f2780000)
 ParOldGen       total 158208K, used 136953K [0x00000000a0000000, 0x00000000a9a80000, 0x00000000e0000000)
  object space 158208K, 86% used [0x00000000a0000000,0x00000000a85be400,0x00000000a9a80000)
 Metaspace       used 78853K, capacity 81938K, committed 82176K, reserved 1120256K
  class space    used 10266K, capacity 10962K, committed 11008K, reserved 1048576K
Event: 184.707 GC heap after
Heap after GC invocations=40 (full 5):
 PSYoungGen      total 211968K, used 0K [0x00000000e0000000, 0x00000000f2780000, 0x0000000100000000)
  eden space 187392K, 0% used [0x00000000e0000000,0x00000000e0000000,0x00000000eb700000)
  from space 24576K, 0% used [0x00000000eb700000,0x00000000eb700000,0x00000000ecf00000)
  to   space 36352K, 0% used [0x00000000f0400000,0x00000000f0400000,0x00000000f2780000)
 ParOldGen       total 174080K, used 102015K [0x00000000a0000000, 0x00000000aaa00000, 0x00000000e0000000)
  object space 174080K, 58% used [0x00000000a0000000,0x00000000a639fde8,0x00000000aaa00000)
 Metaspace       used 78710K, capacity 81568K, committed 82176K, reserved 1120256K
  class space    used 10216K, capacity 10875K, committed 11008K, reserved 1048576K
}
Event: 186.186 GC heap before
{Heap before GC invocations=41 (full 5):
 PSYoungGen      total 211968K, used 187392K [0x00000000e0000000, 0x00000000f2780000, 0x0000000100000000)
  eden space 187392K, 100% used [0x00000000e0000000,0x00000000eb700000,0x00000000eb700000)
  from space 24576K, 0% used [0x00000000eb700000,0x00000000eb700000,0x00000000ecf00000)
  to   space 36352K, 0% used [0x00000000f0400000,0x00000000f0400000,0x00000000f2780000)
 ParOldGen       total 174080K, used 102015K [0x00000000a0000000, 0x00000000aaa00000, 0x00000000e0000000)
  object space 174080K, 58% used [0x00000000a0000000,0x00000000a639fde8,0x00000000aaa00000)
 Metaspace       used 79082K, capacity 82014K, committed 82432K, reserved 1120256K
  class space    used 10251K, capacity 10936K, committed 11008K, reserved 1048576K
Event: 187.860 GC heap after
Heap after GC invocations=41 (full 5):
 PSYoungGen      total 250880K, used 36344K [0x00000000e0000000, 0x00000000f4800000, 0x0000000100000000)
  eden space 214528K, 0% used [0x00000000e0000000,0x00000000e0000000,0x00000000ed180000)
  from space 36352K, 99% used [0x00000000f0400000,0x00000000f277e1b8,0x00000000f2780000)
  to   space 51712K, 0% used [0x00000000ed180000,0x00000000ed180000,0x00000000f0400000)
 ParOldGen       total 174080K, used 126541K [0x00000000a0000000, 0x00000000aaa00000, 0x00000000e0000000)
  object space 174080K, 72% used [0x00000000a0000000,0x00000000a7b93518,0x00000000aaa00000)
 Metaspace       used 79082K, capacity 82014K, committed 82432K, reserved 1120256K
  class space    used 10251K, capacity 10936K, committed 11008K, reserved 1048576K
}
Event: 192.148 GC heap before
{Heap before GC invocations=42 (full 5):
 PSYoungGen      total 250880K, used 250808K [0x00000000e0000000, 0x00000000f4800000, 0x0000000100000000)
  eden space 214528K, 99% used [0x00000000e0000000,0x00000000ed16ff18,0x00000000ed180000)
  from space 36352K, 99% used [0x00000000f0400000,0x00000000f277e1b8,0x00000000f2780000)
  to   space 51712K, 0% used [0x00000000ed180000,0x00000000ed180000,0x00000000f0400000)
 ParOldGen       total 174080K, used 126541K [0x00000000a0000000, 0x00000000aaa00000, 0x00000000e0000000)
  object space 174080K, 72% used [0x00000000a0000000,0x00000000a7b93518,0x00000000aaa00000)
 Metaspace       used 79197K, capacity 82156K, committed 82432K, reserved 1120256K
  class space    used 10255K, capacity 10941K, committed 11008K, reserved 1048576K

